c:\users\robot\source\repos\opennitemare3d\opennitemare3d\release\vc142.pdb
c:\users\robot\source\repos\opennitemare3d\opennitemare3d\release\main.obj
c:\users\robot\source\repos\opennitemare3d\opennitemare3d\release\player.obj
c:\users\robot\source\repos\opennitemare3d\opennitemare3d\release\pal.obj
c:\users\robot\source\repos\opennitemare3d\opennitemare3d\release\vector2i.obj
c:\users\robot\source\repos\opennitemare3d\opennitemare3d\release\vector2f.obj
c:\users\robot\source\repos\opennitemare3d\opennitemare3d\release\img.obj
c:\users\robot\source\repos\opennitemare3d\opennitemare3d\release\entity.obj
c:\users\robot\source\repos\opennitemare3d\opennitemare3d\release\camera.obj
c:\users\robot\source\repos\opennitemare3d\release\opennitemare3d.exe
c:\users\robot\source\repos\opennitemare3d\release\opennitemare3d.pdb
c:\users\robot\source\repos\opennitemare3d\release\opennitemare3d.ipdb
c:\users\robot\source\repos\opennitemare3d\release\opennitemare3d.iobj
c:\users\robot\source\repos\opennitemare3d\opennitemare3d\release\vcpkg.applocal.log
c:\users\robot\source\repos\opennitemare3d\opennitemare3d\release\opennitemare3d.tlog\cl.command.1.tlog
c:\users\robot\source\repos\opennitemare3d\opennitemare3d\release\opennitemare3d.tlog\cl.read.1.tlog
c:\users\robot\source\repos\opennitemare3d\opennitemare3d\release\opennitemare3d.tlog\cl.write.1.tlog
c:\users\robot\source\repos\opennitemare3d\opennitemare3d\release\opennitemare3d.tlog\link.command.1.tlog
c:\users\robot\source\repos\opennitemare3d\opennitemare3d\release\opennitemare3d.tlog\link.read.1.tlog
c:\users\robot\source\repos\opennitemare3d\opennitemare3d\release\opennitemare3d.tlog\link.write.1.tlog
c:\users\robot\source\repos\opennitemare3d\opennitemare3d\release\opennitemare3d.tlog\opennitemare3d.write.1u.tlog
