  main.cpp
C:\Users\robot\source\repos\OpenNitemare3D\OpenNitemare3D\main.cpp(49,54): warning C4309: 'argument': truncation of constant value
C:\Users\robot\source\repos\OpenNitemare3D\OpenNitemare3D\main.cpp(49,49): warning C4309: 'argument': truncation of constant value
C:\Users\robot\source\repos\OpenNitemare3D\OpenNitemare3D\main.cpp(49,44): warning C4309: 'argument': truncation of constant value
C:\Users\robot\source\repos\OpenNitemare3D\OpenNitemare3D\main.cpp(116,28): warning C4553: '==': result of expression not used; did you intend '='?
C:\Users\robot\source\repos\OpenNitemare3D\OpenNitemare3D\main.cpp(138,13): warning C4326: return type of 'main' should be 'int' instead of 'void'
C:\Users\robot\source\repos\OpenNitemare3D\OpenNitemare3D\main.cpp(323,60): warning C4244: '=': conversion from 'double' to 'float', possible loss of data
C:\Users\robot\source\repos\OpenNitemare3D\OpenNitemare3D\main.cpp(324,60): warning C4244: '=': conversion from 'double' to 'float', possible loss of data
C:\Users\robot\source\repos\OpenNitemare3D\OpenNitemare3D\main.cpp(332,24): warning C4244: 'initializing': conversion from 'double' to 'float', possible loss of data
C:\Users\robot\source\repos\OpenNitemare3D\OpenNitemare3D\main.cpp(354,25): warning C4244: 'initializing': conversion from 'double' to 'float', possible loss of data
C:\Users\robot\source\repos\OpenNitemare3D\OpenNitemare3D\main.cpp(357,32): warning C4244: 'argument': conversion from 'float' to 'Uint32', possible loss of data
C:\Users\robot\source\repos\OpenNitemare3D\OpenNitemare3D\main.cpp(387,53): warning C4309: 'argument': truncation of constant value
C:\Users\robot\source\repos\OpenNitemare3D\OpenNitemare3D\main.cpp(387,48): warning C4309: 'argument': truncation of constant value
C:\Users\robot\source\repos\OpenNitemare3D\OpenNitemare3D\main.cpp(387,43): warning C4309: 'argument': truncation of constant value
  Generating code
  1 of 439 functions ( 0.2%) were compiled, the rest were copied from previous compilation.
    0 functions were new in current compilation
    0 functions had inline decision re-evaluated but remain unchanged
  Finished generating code
  OpenNitemare3D.vcxproj -> C:\Users\robot\source\repos\OpenNitemare3D\Release\OpenNitemare3D.exe
